2026-02-25 09:21:30 [INFO]: 사용자 로그인 성공
2026-02-25 09:21:30 [WARN]: 비정상적인 접근 시도 감지
2026-02-25 09:21:30 [ERROR]: 데이터베이스 연결 오류 발생!
2026-02-25 12:20:01 [INFO]: cron job 실행
2026-02-25 12:21:01 [INFO]: cron job 실행
2026-02-25 12:22:01 [INFO]: cron job 실행
2026-02-25 12:23:01 [INFO]: cron job 실행
2026-02-25 12:24:01 [INFO]: cron job 실행
2026-02-25 12:25:01 [INFO]: cron job 실행
2026-02-25 12:26:01 [INFO]: cron job 실행
2026-02-25 12:27:01 [INFO]: cron job 실행
2026-02-25 12:28:01 [INFO]: cron job 실행
2026-02-25 12:28:30 [INFO]: 메일 발송
2026-02-25 12:28:40 [INFO]: 메일 발송
2026-02-25 12:28:50 [INFO]: 메일 발송
2026-02-25 12:29:00 [INFO]: 메일 발송
2026-02-25 12:29:10 [INFO]: 메일 발송
2026-02-25 12:29:20 [INFO]: 메일 발송
2026-02-25 12:29:40 [INFO]: 메일 발송
2026-02-25 12:29:50 [INFO]: 메일 발송
2026-02-25 12:31:40 [INFO]: 메일 발송
2026-02-25 12:31:50 [INFO]: 메일 발송
2026-02-25 12:32:00 [INFO]: 메일 발송
2026-02-25 12:32:40 [INFO]: 메일 발송
2026-02-25 12:32:50 [INFO]: 메일 발송
2026-02-25 12:33:00 [INFO]: 메일 발송
2026-02-25 12:33:10 [INFO]: 메일 발송
2026-02-25 12:33:50 [INFO]: 메일 발송
2026-02-25 12:34:00 [INFO]: 메일 발송
2026-02-25 12:34:10 [INFO]: 메일 발송
2026-02-25 12:34:30 [INFO]: 메일 발송
2026-02-25 12:34:40 [INFO]: 메일 발송
2026-02-25 12:34:50 [INFO]: 메일 발송
2026-02-25 12:35:00 [INFO]: 메일 발송
2026-02-25 12:35:10 [INFO]: 메일 발송
2026-02-25 12:35:20 [INFO]: 메일 발송
2026-02-25 12:37:40 [INFO]: 메일 발송
2026-02-25 12:37:50 [INFO]: 메일 발송
2026-02-25 12:38:00 [INFO]: 메일 발송
2026-02-25 12:38:10 [INFO]: 메일 발송
2026-02-25 12:38:20 [INFO]: 메일 발송
2026-02-25 12:38:30 [INFO]: 메일 발송
2026-02-25 12:38:40 [INFO]: 메일 발송
2026-02-25 12:38:50 [INFO]: 메일 발송
2026-02-25 12:39:00 [INFO]: 메일 발송
2026-02-25 12:40:20 [INFO]: 메일 발송
2026-02-25 12:40:30 [INFO]: 메일 발송
2026-02-25 12:40:40 [INFO]: 메일 발송
2026-02-25 12:40:50 [INFO]: 메일 발송
2026-02-25 12:41:00 [INFO]: 메일 발송
2026-02-25 12:41:10 [INFO]: 메일 발송
2026-02-25 12:41:20 [INFO]: 메일 발송
2026-02-25 12:41:30 [INFO]: 메일 발송
2026-02-25 12:41:40 [INFO]: 메일 발송
2026-02-25 12:41:50 [INFO]: 메일 발송
2026-02-25 12:42:00 [INFO]: 메일 발송
2026-02-25 12:42:10 [INFO]: 메일 발송
2026-02-25 12:42:20 [INFO]: 메일 발송
